Generated at 2018-09-23 09:47:15 +0300
Errno::EACCES: file[afile] (standalone::test line 3) had an error: Errno::EACCES: Permission denied @ rb_sysopen - afile
/Users/dobrescu/.rvm/rubies/ruby-2.3.3/lib/ruby/2.3.0/fileutils.rb:1157:in `initialize'
/Users/dobrescu/.rvm/rubies/ruby-2.3.3/lib/ruby/2.3.0/fileutils.rb:1157:in `open'
/Users/dobrescu/.rvm/rubies/ruby-2.3.3/lib/ruby/2.3.0/fileutils.rb:1157:in `rescue in block in touch'
/Users/dobrescu/.rvm/rubies/ruby-2.3.3/lib/ruby/2.3.0/fileutils.rb:1153:in `block in touch'
/Users/dobrescu/.rvm/rubies/ruby-2.3.3/lib/ruby/2.3.0/fileutils.rb:1151:in `each'
/Users/dobrescu/.rvm/rubies/ruby-2.3.3/lib/ruby/2.3.0/fileutils.rb:1151:in `touch'
/Users/dobrescu/.rvm/gems/ruby-2.3.3/gems/chef-13.2.20/lib/chef/file_content_management/deploy/mv_unix.rb:34:in `create'
/Users/dobrescu/.rvm/gems/ruby-2.3.3/gems/chef-13.2.20/lib/chef/provider/file.rb:363:in `block in do_create_file'
/Users/dobrescu/.rvm/gems/ruby-2.3.3/gems/chef-13.2.20/lib/chef/mixin/why_run.rb:52:in `add_action'
/Users/dobrescu/.rvm/gems/ruby-2.3.3/gems/chef-13.2.20/lib/chef/provider.rb:202:in `converge_by'
/Users/dobrescu/.rvm/gems/ruby-2.3.3/gems/chef-13.2.20/lib/chef/provider/file.rb:362:in `do_create_file'
/Users/dobrescu/.rvm/gems/ruby-2.3.3/gems/chef-13.2.20/lib/chef/provider/file.rb:143:in `action_create'
/Users/dobrescu/.rvm/gems/ruby-2.3.3/gems/chef-13.2.20/lib/chef/provider.rb:171:in `run_action'
/Users/dobrescu/.rvm/gems/ruby-2.3.3/gems/chef-13.2.20/lib/chef/resource.rb:591:in `run_action'
/Users/dobrescu/.rvm/gems/ruby-2.3.3/gems/chef-13.2.20/lib/chef/runner.rb:70:in `run_action'
/Users/dobrescu/.rvm/gems/ruby-2.3.3/gems/chef-13.2.20/lib/chef/runner.rb:98:in `block (2 levels) in converge'
/Users/dobrescu/.rvm/gems/ruby-2.3.3/gems/chef-13.2.20/lib/chef/runner.rb:98:in `each'
/Users/dobrescu/.rvm/gems/ruby-2.3.3/gems/chef-13.2.20/lib/chef/runner.rb:98:in `block in converge'
/Users/dobrescu/.rvm/gems/ruby-2.3.3/gems/chef-13.2.20/lib/chef/resource_collection/resource_list.rb:94:in `block in execute_each_resource'
/Users/dobrescu/.rvm/gems/ruby-2.3.3/gems/chef-13.2.20/lib/chef/resource_collection/stepable_iterator.rb:114:in `call_iterator_block'
/Users/dobrescu/.rvm/gems/ruby-2.3.3/gems/chef-13.2.20/lib/chef/resource_collection/stepable_iterator.rb:85:in `step'
/Users/dobrescu/.rvm/gems/ruby-2.3.3/gems/chef-13.2.20/lib/chef/resource_collection/stepable_iterator.rb:103:in `iterate'
/Users/dobrescu/.rvm/gems/ruby-2.3.3/gems/chef-13.2.20/lib/chef/resource_collection/stepable_iterator.rb:55:in `each_with_index'
/Users/dobrescu/.rvm/gems/ruby-2.3.3/gems/chef-13.2.20/lib/chef/resource_collection/resource_list.rb:92:in `execute_each_resource'
/Users/dobrescu/.rvm/gems/ruby-2.3.3/gems/chef-13.2.20/lib/chef/runner.rb:97:in `converge'
/Users/dobrescu/.rvm/gems/ruby-2.3.3/gems/chef-13.2.20/lib/chef/client.rb:715:in `block in converge'
/Users/dobrescu/.rvm/gems/ruby-2.3.3/gems/chef-13.2.20/lib/chef/client.rb:710:in `catch'
/Users/dobrescu/.rvm/gems/ruby-2.3.3/gems/chef-13.2.20/lib/chef/client.rb:710:in `converge'
/Users/dobrescu/.rvm/gems/ruby-2.3.3/gems/chef-13.2.20/lib/chef/client.rb:749:in `converge_and_save'
/Users/dobrescu/.rvm/gems/ruby-2.3.3/gems/chef-13.2.20/lib/chef/client.rb:286:in `run'
/Users/dobrescu/.rvm/gems/ruby-2.3.3/gems/chef-13.2.20/lib/chef/application.rb:291:in `block in fork_chef_client'
/Users/dobrescu/.rvm/gems/ruby-2.3.3/gems/chef-13.2.20/lib/chef/application.rb:279:in `fork'
/Users/dobrescu/.rvm/gems/ruby-2.3.3/gems/chef-13.2.20/lib/chef/application.rb:279:in `fork_chef_client'
/Users/dobrescu/.rvm/gems/ruby-2.3.3/gems/chef-13.2.20/lib/chef/application.rb:244:in `block in run_chef_client'
/Users/dobrescu/.rvm/gems/ruby-2.3.3/gems/chef-13.2.20/lib/chef/local_mode.rb:44:in `with_server_connectivity'
/Users/dobrescu/.rvm/gems/ruby-2.3.3/gems/chef-13.2.20/lib/chef/application.rb:232:in `run_chef_client'
/Users/dobrescu/.rvm/gems/ruby-2.3.3/gems/chef-13.2.20/lib/chef/application/client.rb:469:in `sleep_then_run_chef_client'
/Users/dobrescu/.rvm/gems/ruby-2.3.3/gems/chef-13.2.20/lib/chef/application/client.rb:458:in `block in interval_run_chef_client'
/Users/dobrescu/.rvm/gems/ruby-2.3.3/gems/chef-13.2.20/lib/chef/application/client.rb:457:in `loop'
/Users/dobrescu/.rvm/gems/ruby-2.3.3/gems/chef-13.2.20/lib/chef/application/client.rb:457:in `interval_run_chef_client'
/Users/dobrescu/.rvm/gems/ruby-2.3.3/gems/chef-13.2.20/lib/chef/application/client.rb:441:in `run_application'
/Users/dobrescu/.rvm/gems/ruby-2.3.3/gems/chef-13.2.20/lib/chef/application.rb:59:in `run'
/Users/dobrescu/.rvm/gems/ruby-2.3.3/gems/chef-13.2.20/bin/chef-client:26:in `<top (required)>'
/Users/dobrescu/.rvm/gems/ruby-2.3.3/bin/chef-client:23:in `load'
/Users/dobrescu/.rvm/gems/ruby-2.3.3/bin/chef-client:23:in `<main>'
/Users/dobrescu/.rvm/gems/ruby-2.3.3/bin/ruby_executable_hooks:15:in `eval'
/Users/dobrescu/.rvm/gems/ruby-2.3.3/bin/ruby_executable_hooks:15:in `<main>'

>>>> Caused by Errno::ENOENT: No such file or directory @ utime_internal - afile
/Users/dobrescu/.rvm/rubies/ruby-2.3.3/lib/ruby/2.3.0/fileutils.rb:1154:in `utime'
/Users/dobrescu/.rvm/rubies/ruby-2.3.3/lib/ruby/2.3.0/fileutils.rb:1154:in `block in touch'
/Users/dobrescu/.rvm/rubies/ruby-2.3.3/lib/ruby/2.3.0/fileutils.rb:1151:in `each'
/Users/dobrescu/.rvm/rubies/ruby-2.3.3/lib/ruby/2.3.0/fileutils.rb:1151:in `touch'
/Users/dobrescu/.rvm/gems/ruby-2.3.3/gems/chef-13.2.20/lib/chef/file_content_management/deploy/mv_unix.rb:34:in `create'
/Users/dobrescu/.rvm/gems/ruby-2.3.3/gems/chef-13.2.20/lib/chef/provider/file.rb:363:in `block in do_create_file'
/Users/dobrescu/.rvm/gems/ruby-2.3.3/gems/chef-13.2.20/lib/chef/mixin/why_run.rb:52:in `add_action'
/Users/dobrescu/.rvm/gems/ruby-2.3.3/gems/chef-13.2.20/lib/chef/provider.rb:202:in `converge_by'
/Users/dobrescu/.rvm/gems/ruby-2.3.3/gems/chef-13.2.20/lib/chef/provider/file.rb:362:in `do_create_file'
/Users/dobrescu/.rvm/gems/ruby-2.3.3/gems/chef-13.2.20/lib/chef/provider/file.rb:143:in `action_create'
/Users/dobrescu/.rvm/gems/ruby-2.3.3/gems/chef-13.2.20/lib/chef/provider.rb:171:in `run_action'
/Users/dobrescu/.rvm/gems/ruby-2.3.3/gems/chef-13.2.20/lib/chef/resource.rb:591:in `run_action'
/Users/dobrescu/.rvm/gems/ruby-2.3.3/gems/chef-13.2.20/lib/chef/runner.rb:70:in `run_action'
/Users/dobrescu/.rvm/gems/ruby-2.3.3/gems/chef-13.2.20/lib/chef/runner.rb:98:in `block (2 levels) in converge'
/Users/dobrescu/.rvm/gems/ruby-2.3.3/gems/chef-13.2.20/lib/chef/runner.rb:98:in `each'
/Users/dobrescu/.rvm/gems/ruby-2.3.3/gems/chef-13.2.20/lib/chef/runner.rb:98:in `block in converge'
/Users/dobrescu/.rvm/gems/ruby-2.3.3/gems/chef-13.2.20/lib/chef/resource_collection/resource_list.rb:94:in `block in execute_each_resource'
/Users/dobrescu/.rvm/gems/ruby-2.3.3/gems/chef-13.2.20/lib/chef/resource_collection/stepable_iterator.rb:114:in `call_iterator_block'
/Users/dobrescu/.rvm/gems/ruby-2.3.3/gems/chef-13.2.20/lib/chef/resource_collection/stepable_iterator.rb:85:in `step'
/Users/dobrescu/.rvm/gems/ruby-2.3.3/gems/chef-13.2.20/lib/chef/resource_collection/stepable_iterator.rb:103:in `iterate'
/Users/dobrescu/.rvm/gems/ruby-2.3.3/gems/chef-13.2.20/lib/chef/resource_collection/stepable_iterator.rb:55:in `each_with_index'
/Users/dobrescu/.rvm/gems/ruby-2.3.3/gems/chef-13.2.20/lib/chef/resource_collection/resource_list.rb:92:in `execute_each_resource'
/Users/dobrescu/.rvm/rubies/ruby-2.3.3/lib/ruby/2.3.0/forwardable.rb:189:in `execute_each_resource'
/Users/dobrescu/.rvm/gems/ruby-2.3.3/gems/chef-13.2.20/lib/chef/runner.rb:97:in `converge'
/Users/dobrescu/.rvm/gems/ruby-2.3.3/gems/chef-13.2.20/lib/chef/client.rb:715:in `block in converge'
/Users/dobrescu/.rvm/gems/ruby-2.3.3/gems/chef-13.2.20/lib/chef/client.rb:710:in `catch'
/Users/dobrescu/.rvm/gems/ruby-2.3.3/gems/chef-13.2.20/lib/chef/client.rb:710:in `converge'
/Users/dobrescu/.rvm/gems/ruby-2.3.3/gems/chef-13.2.20/lib/chef/client.rb:749:in `converge_and_save'
/Users/dobrescu/.rvm/gems/ruby-2.3.3/gems/chef-13.2.20/lib/chef/client.rb:286:in `run'
/Users/dobrescu/.rvm/gems/ruby-2.3.3/gems/chef-13.2.20/lib/chef/application.rb:291:in `block in fork_chef_client'
/Users/dobrescu/.rvm/gems/ruby-2.3.3/gems/chef-13.2.20/lib/chef/application.rb:279:in `fork'
/Users/dobrescu/.rvm/gems/ruby-2.3.3/gems/chef-13.2.20/lib/chef/application.rb:279:in `fork_chef_client'
/Users/dobrescu/.rvm/gems/ruby-2.3.3/gems/chef-13.2.20/lib/chef/application.rb:244:in `block in run_chef_client'
/Users/dobrescu/.rvm/gems/ruby-2.3.3/gems/chef-13.2.20/lib/chef/local_mode.rb:44:in `with_server_connectivity'
/Users/dobrescu/.rvm/gems/ruby-2.3.3/gems/chef-13.2.20/lib/chef/application.rb:232:in `run_chef_client'
/Users/dobrescu/.rvm/gems/ruby-2.3.3/gems/chef-13.2.20/lib/chef/application/client.rb:469:in `sleep_then_run_chef_client'
/Users/dobrescu/.rvm/gems/ruby-2.3.3/gems/chef-13.2.20/lib/chef/application/client.rb:458:in `block in interval_run_chef_client'
/Users/dobrescu/.rvm/gems/ruby-2.3.3/gems/chef-13.2.20/lib/chef/application/client.rb:457:in `loop'
/Users/dobrescu/.rvm/gems/ruby-2.3.3/gems/chef-13.2.20/lib/chef/application/client.rb:457:in `interval_run_chef_client'
/Users/dobrescu/.rvm/gems/ruby-2.3.3/gems/chef-13.2.20/lib/chef/application/client.rb:441:in `run_application'
/Users/dobrescu/.rvm/gems/ruby-2.3.3/gems/chef-13.2.20/lib/chef/application.rb:59:in `run'
/Users/dobrescu/.rvm/gems/ruby-2.3.3/gems/chef-13.2.20/bin/chef-client:26:in `<top (required)>'
/Users/dobrescu/.rvm/gems/ruby-2.3.3/bin/chef-client:23:in `load'
/Users/dobrescu/.rvm/gems/ruby-2.3.3/bin/chef-client:23:in `<main>'
/Users/dobrescu/.rvm/gems/ruby-2.3.3/bin/ruby_executable_hooks:15:in `eval'
/Users/dobrescu/.rvm/gems/ruby-2.3.3/bin/ruby_executable_hooks:15:in `<main>'