I, [2018-09-22T18:42:40.515787 #39411]  INFO -- Kitchen: -----> Starting Kitchen (v1.23.2)
I, [2018-09-22T18:42:43.677020 #39411]  INFO -- Kitchen: -----> Converging <default-centos-6>...
E, [2018-09-22T18:43:38.119733 #39411] ERROR -- Kitchen: ------Exception-------
E, [2018-09-22T18:43:38.119762 #39411] ERROR -- Kitchen: Class: Kitchen::ActionFailed
E, [2018-09-22T18:43:38.119775 #39411] ERROR -- Kitchen: Message: 1 actions failed.
>>>>>>     Converge failed on instance <default-centos-6>.  Please see .kitchen/logs/default-centos-6.log for more details
E, [2018-09-22T18:43:38.119786 #39411] ERROR -- Kitchen: ----------------------
E, [2018-09-22T18:43:38.119795 #39411] ERROR -- Kitchen: ------Backtrace-------
E, [2018-09-22T18:43:38.119804 #39411] ERROR -- Kitchen: /Users/dobrescu/.chefdk/gem/ruby/2.5.0/gems/test-kitchen-1.23.2/lib/kitchen/command.rb:183:in `report_errors'
E, [2018-09-22T18:43:38.119814 #39411] ERROR -- Kitchen: /Users/dobrescu/.chefdk/gem/ruby/2.5.0/gems/test-kitchen-1.23.2/lib/kitchen/command.rb:174:in `run_action'
E, [2018-09-22T18:43:38.119824 #39411] ERROR -- Kitchen: /Users/dobrescu/.chefdk/gem/ruby/2.5.0/gems/test-kitchen-1.23.2/lib/kitchen/command/action.rb:36:in `block in call'
E, [2018-09-22T18:43:38.119834 #39411] ERROR -- Kitchen: /opt/chefdk/embedded/lib/ruby/2.5.0/benchmark.rb:293:in `measure'
E, [2018-09-22T18:43:38.119843 #39411] ERROR -- Kitchen: /Users/dobrescu/.chefdk/gem/ruby/2.5.0/gems/test-kitchen-1.23.2/lib/kitchen/command/action.rb:34:in `call'
E, [2018-09-22T18:43:38.119852 #39411] ERROR -- Kitchen: /Users/dobrescu/.chefdk/gem/ruby/2.5.0/gems/test-kitchen-1.23.2/lib/kitchen/cli.rb:52:in `perform'
E, [2018-09-22T18:43:38.119862 #39411] ERROR -- Kitchen: /Users/dobrescu/.chefdk/gem/ruby/2.5.0/gems/test-kitchen-1.23.2/lib/kitchen/cli.rb:193:in `block (2 levels) in <class:CLI>'
E, [2018-09-22T18:43:38.119871 #39411] ERROR -- Kitchen: /opt/chefdk/embedded/lib/ruby/gems/2.5.0/gems/thor-0.20.0/lib/thor/command.rb:27:in `run'
E, [2018-09-22T18:43:38.119880 #39411] ERROR -- Kitchen: /opt/chefdk/embedded/lib/ruby/gems/2.5.0/gems/thor-0.20.0/lib/thor/invocation.rb:126:in `invoke_command'
E, [2018-09-22T18:43:38.119889 #39411] ERROR -- Kitchen: /opt/chefdk/embedded/lib/ruby/gems/2.5.0/gems/thor-0.20.0/lib/thor.rb:387:in `dispatch'
E, [2018-09-22T18:43:38.119899 #39411] ERROR -- Kitchen: /opt/chefdk/embedded/lib/ruby/gems/2.5.0/gems/thor-0.20.0/lib/thor/base.rb:466:in `start'
E, [2018-09-22T18:43:38.119908 #39411] ERROR -- Kitchen: /Users/dobrescu/.chefdk/gem/ruby/2.5.0/gems/test-kitchen-1.23.2/bin/kitchen:13:in `block in <top (required)>'
E, [2018-09-22T18:43:38.119917 #39411] ERROR -- Kitchen: /Users/dobrescu/.chefdk/gem/ruby/2.5.0/gems/test-kitchen-1.23.2/lib/kitchen/errors.rb:171:in `with_friendly_errors'
E, [2018-09-22T18:43:38.119927 #39411] ERROR -- Kitchen: /Users/dobrescu/.chefdk/gem/ruby/2.5.0/gems/test-kitchen-1.23.2/bin/kitchen:13:in `<top (required)>'
E, [2018-09-22T18:43:38.119936 #39411] ERROR -- Kitchen: /opt/chefdk/bin/kitchen:292:in `load'
E, [2018-09-22T18:43:38.119945 #39411] ERROR -- Kitchen: /opt/chefdk/bin/kitchen:292:in `<main>'
E, [2018-09-22T18:43:38.119954 #39411] ERROR -- Kitchen: ----End Backtrace-----
E, [2018-09-22T18:43:38.119962 #39411] ERROR -- Kitchen: -Composite Exception--
E, [2018-09-22T18:43:38.119971 #39411] ERROR -- Kitchen: Class: Kitchen::InstanceFailure
E, [2018-09-22T18:43:38.119980 #39411] ERROR -- Kitchen: Message: Converge failed on instance <default-centos-6>.  Please see .kitchen/logs/default-centos-6.log for more details
E, [2018-09-22T18:43:38.119989 #39411] ERROR -- Kitchen: ----------------------
E, [2018-09-22T18:43:38.119998 #39411] ERROR -- Kitchen: ------Backtrace-------
E, [2018-09-22T18:43:38.120006 #39411] ERROR -- Kitchen: /Users/dobrescu/.chefdk/gem/ruby/2.5.0/gems/test-kitchen-1.23.2/lib/kitchen/provisioner/base.rb:91:in `rescue in call'
E, [2018-09-22T18:43:38.120016 #39411] ERROR -- Kitchen: /Users/dobrescu/.chefdk/gem/ruby/2.5.0/gems/test-kitchen-1.23.2/lib/kitchen/provisioner/base.rb:67:in `call'
E, [2018-09-22T18:43:38.120025 #39411] ERROR -- Kitchen: /Users/dobrescu/.chefdk/gem/ruby/2.5.0/gems/test-kitchen-1.23.2/lib/kitchen/instance.rb:408:in `block in converge_action'
E, [2018-09-22T18:43:38.120041 #39411] ERROR -- Kitchen: /Users/dobrescu/.chefdk/gem/ruby/2.5.0/gems/test-kitchen-1.23.2/lib/kitchen/instance.rb:551:in `synchronize_or_call'
E, [2018-09-22T18:43:38.120051 #39411] ERROR -- Kitchen: /Users/dobrescu/.chefdk/gem/ruby/2.5.0/gems/test-kitchen-1.23.2/lib/kitchen/instance.rb:513:in `block in action'
E, [2018-09-22T18:43:38.120060 #39411] ERROR -- Kitchen: /opt/chefdk/embedded/lib/ruby/2.5.0/benchmark.rb:293:in `measure'
E, [2018-09-22T18:43:38.120069 #39411] ERROR -- Kitchen: /Users/dobrescu/.chefdk/gem/ruby/2.5.0/gems/test-kitchen-1.23.2/lib/kitchen/instance.rb:512:in `action'
E, [2018-09-22T18:43:38.120079 #39411] ERROR -- Kitchen: /Users/dobrescu/.chefdk/gem/ruby/2.5.0/gems/test-kitchen-1.23.2/lib/kitchen/instance.rb:404:in `converge_action'
E, [2018-09-22T18:43:38.120088 #39411] ERROR -- Kitchen: /Users/dobrescu/.chefdk/gem/ruby/2.5.0/gems/test-kitchen-1.23.2/lib/kitchen/instance.rb:382:in `block (2 levels) in transition_to'
E, [2018-09-22T18:43:38.120097 #39411] ERROR -- Kitchen: /Users/dobrescu/.chefdk/gem/ruby/2.5.0/gems/test-kitchen-1.23.2/lib/kitchen/lifecycle_hooks.rb:45:in `run_with_hooks'
E, [2018-09-22T18:43:38.120162 #39411] ERROR -- Kitchen: /Users/dobrescu/.chefdk/gem/ruby/2.5.0/gems/test-kitchen-1.23.2/lib/kitchen/instance.rb:381:in `block in transition_to'
E, [2018-09-22T18:43:38.120172 #39411] ERROR -- Kitchen: /Users/dobrescu/.chefdk/gem/ruby/2.5.0/gems/test-kitchen-1.23.2/lib/kitchen/instance.rb:380:in `each'
E, [2018-09-22T18:43:38.120180 #39411] ERROR -- Kitchen: /Users/dobrescu/.chefdk/gem/ruby/2.5.0/gems/test-kitchen-1.23.2/lib/kitchen/instance.rb:380:in `transition_to'
E, [2018-09-22T18:43:38.120189 #39411] ERROR -- Kitchen: /Users/dobrescu/.chefdk/gem/ruby/2.5.0/gems/test-kitchen-1.23.2/lib/kitchen/instance.rb:140:in `converge'
E, [2018-09-22T18:43:38.120199 #39411] ERROR -- Kitchen: /Users/dobrescu/.chefdk/gem/ruby/2.5.0/gems/test-kitchen-1.23.2/lib/kitchen/command.rb:197:in `public_send'
E, [2018-09-22T18:43:38.120208 #39411] ERROR -- Kitchen: /Users/dobrescu/.chefdk/gem/ruby/2.5.0/gems/test-kitchen-1.23.2/lib/kitchen/command.rb:197:in `run_action_in_thread'
E, [2018-09-22T18:43:38.120217 #39411] ERROR -- Kitchen: /Users/dobrescu/.chefdk/gem/ruby/2.5.0/gems/test-kitchen-1.23.2/lib/kitchen/command.rb:169:in `block (2 levels) in run_action'
E, [2018-09-22T18:43:38.120226 #39411] ERROR -- Kitchen: ----End Backtrace-----
E, [2018-09-22T18:43:38.120235 #39411] ERROR -- Kitchen: ---Nested Exception---
E, [2018-09-22T18:43:38.120244 #39411] ERROR -- Kitchen: Class: Kitchen::ActionFailed
E, [2018-09-22T18:43:38.120253 #39411] ERROR -- Kitchen: Message: SSH exited (1) for command: [sh -c '
TEST_KITCHEN="1"; export TEST_KITCHEN
sudo -E /opt/chef/bin/chef-solo --config /tmp/kitchen/solo.rb --log_level auto --no-color --json-attributes /tmp/kitchen/dna.json  --force-formatter 
']
E, [2018-09-22T18:43:38.120262 #39411] ERROR -- Kitchen: ----------------------
E, [2018-09-22T18:43:38.120271 #39411] ERROR -- Kitchen: ------Backtrace-------
E, [2018-09-22T18:43:38.120279 #39411] ERROR -- Kitchen: /Users/dobrescu/.chefdk/gem/ruby/2.5.0/gems/test-kitchen-1.23.2/lib/kitchen/provisioner/base.rb:91:in `rescue in call'
E, [2018-09-22T18:43:38.120288 #39411] ERROR -- Kitchen: /Users/dobrescu/.chefdk/gem/ruby/2.5.0/gems/test-kitchen-1.23.2/lib/kitchen/provisioner/base.rb:67:in `call'
E, [2018-09-22T18:43:38.120297 #39411] ERROR -- Kitchen: /Users/dobrescu/.chefdk/gem/ruby/2.5.0/gems/test-kitchen-1.23.2/lib/kitchen/instance.rb:408:in `block in converge_action'
E, [2018-09-22T18:43:38.120306 #39411] ERROR -- Kitchen: /Users/dobrescu/.chefdk/gem/ruby/2.5.0/gems/test-kitchen-1.23.2/lib/kitchen/instance.rb:551:in `synchronize_or_call'
E, [2018-09-22T18:43:38.120315 #39411] ERROR -- Kitchen: /Users/dobrescu/.chefdk/gem/ruby/2.5.0/gems/test-kitchen-1.23.2/lib/kitchen/instance.rb:513:in `block in action'
E, [2018-09-22T18:43:38.120324 #39411] ERROR -- Kitchen: /opt/chefdk/embedded/lib/ruby/2.5.0/benchmark.rb:293:in `measure'
E, [2018-09-22T18:43:38.120336 #39411] ERROR -- Kitchen: /Users/dobrescu/.chefdk/gem/ruby/2.5.0/gems/test-kitchen-1.23.2/lib/kitchen/instance.rb:512:in `action'
E, [2018-09-22T18:43:38.120346 #39411] ERROR -- Kitchen: /Users/dobrescu/.chefdk/gem/ruby/2.5.0/gems/test-kitchen-1.23.2/lib/kitchen/instance.rb:404:in `converge_action'
E, [2018-09-22T18:43:38.120355 #39411] ERROR -- Kitchen: /Users/dobrescu/.chefdk/gem/ruby/2.5.0/gems/test-kitchen-1.23.2/lib/kitchen/instance.rb:382:in `block (2 levels) in transition_to'
E, [2018-09-22T18:43:38.120364 #39411] ERROR -- Kitchen: /Users/dobrescu/.chefdk/gem/ruby/2.5.0/gems/test-kitchen-1.23.2/lib/kitchen/lifecycle_hooks.rb:45:in `run_with_hooks'
E, [2018-09-22T18:43:38.120373 #39411] ERROR -- Kitchen: /Users/dobrescu/.chefdk/gem/ruby/2.5.0/gems/test-kitchen-1.23.2/lib/kitchen/instance.rb:381:in `block in transition_to'
E, [2018-09-22T18:43:38.120381 #39411] ERROR -- Kitchen: /Users/dobrescu/.chefdk/gem/ruby/2.5.0/gems/test-kitchen-1.23.2/lib/kitchen/instance.rb:380:in `each'
E, [2018-09-22T18:43:38.120390 #39411] ERROR -- Kitchen: /Users/dobrescu/.chefdk/gem/ruby/2.5.0/gems/test-kitchen-1.23.2/lib/kitchen/instance.rb:380:in `transition_to'
E, [2018-09-22T18:43:38.120399 #39411] ERROR -- Kitchen: /Users/dobrescu/.chefdk/gem/ruby/2.5.0/gems/test-kitchen-1.23.2/lib/kitchen/instance.rb:140:in `converge'
E, [2018-09-22T18:43:38.120408 #39411] ERROR -- Kitchen: /Users/dobrescu/.chefdk/gem/ruby/2.5.0/gems/test-kitchen-1.23.2/lib/kitchen/command.rb:197:in `public_send'
E, [2018-09-22T18:43:38.120417 #39411] ERROR -- Kitchen: /Users/dobrescu/.chefdk/gem/ruby/2.5.0/gems/test-kitchen-1.23.2/lib/kitchen/command.rb:197:in `run_action_in_thread'
E, [2018-09-22T18:43:38.120426 #39411] ERROR -- Kitchen: /Users/dobrescu/.chefdk/gem/ruby/2.5.0/gems/test-kitchen-1.23.2/lib/kitchen/command.rb:169:in `block (2 levels) in run_action'
E, [2018-09-22T18:43:38.120435 #39411] ERROR -- Kitchen: ----End Backtrace-----
